<?xml version="1.0" encoding="UTF-8"?>
<!-- Generated by org.testng.reporters.JUnitXMLReporter -->
<testsuite hostname="ravi-Aspire-5755" ignored="0" name="Default test" tests="4" failures="0" timestamp="14 Mar 2018 06:01:59 GMT" time="0.107" errors="0">
  <testcase name="OpeningBrowser" time="0.023" classname="testNGFiles.dependencyAnnot"/>
  <testcase name="Payment" time="0.003" classname="testNGFiles.dependencyAnnot"/>
  <testcase name="TimeRelated" time="0.023" classname="testNGFiles.dependencyAnnot"/>
  <testcase name="FlightBooking" time="0.005" classname="testNGFiles.dependencyAnnot"/>
</testsuite> <!-- Default test -->
