<?xml version="1.0" encoding="UTF-8"?>
<!-- Generated by org.testng.reporters.JUnitXMLReporter -->
<testsuite hostname="ravi-Aspire-5755" name="Test1" tests="1" failures="1" timestamp="14 Jan 2018 12:47:26 GMT" time="22.464" errors="0">
  <testcase name="basePageNavigation" time="8.48" classname="academy.validateTitle">
    <failure type="java.lang.AssertionError" message="expected [FEATURED COURSES123] but found [FEATURED COURSES]">
      <![CDATA[java.lang.AssertionError: expected [FEATURED COURSES123] but found [FEATURED COURSES]
	at academy.validateTitle.basePageNavigation(validateTitle.java:37)
... Removed 30 stack frames]]>
    </failure>
  </testcase> <!-- basePageNavigation -->
</testsuite> <!-- Test1 -->
