<?xml version="1.0" encoding="UTF-8"?>
<!-- Generated by org.testng.reporters.JUnitXMLReporter -->
<testsuite hostname="ravi-Aspire-5755" name="Test" tests="5" failures="0" timestamp="10 Jan 2018 02:35:32 GMT" time="64.803" errors="0">
  <testcase name="basePageNavigation" time="8.57" classname="com.academy.validateTitle"/>
  <testcase name="basePageNavigation" time="15.321" classname="com.academy.LoginApllication"/>
  <testcase name="basePageNavigation" time="5.989" classname="com.academy.LoginApllication"/>
  <testcase name="testApp" time="0.005" classname="com.academy.E2EProject.AppTest"/>
  <testcase name="basePageNavigation" time="20.083" classname="com.academy.validateNavigationBar"/>
</testsuite> <!-- Test -->
