<?xml version="1.0" encoding="UTF-8"?>
<testng-results skipped="0" failed="0" total="1" passed="1">
  <reporter-output>
  </reporter-output>
  <suite name="Default suite" duration-ms="9906" started-at="2018-01-04T01:30:04Z" finished-at="2018-01-04T01:30:14Z">
    <groups>
    </groups>
    <test name="Default test" duration-ms="9906" started-at="2018-01-04T01:30:04Z" finished-at="2018-01-04T01:30:14Z">
      <class name="TestNGTests.Sample">
        <test-method status="PASS" signature="verifyTitle()[pri:0, instance:TestNGTests.Sample@6f7fd0e6]" name="verifyTitle" duration-ms="9875" started-at="2018-01-04T07:00:04Z" finished-at="2018-01-04T07:00:14Z">
          <reporter-output>
          </reporter-output>
        </test-method> <!-- verifyTitle -->
      </class> <!-- TestNGTests.Sample -->
    </test> <!-- Default test -->
  </suite> <!-- Default suite -->
</testng-results>
