<?xml version="1.0" encoding="UTF-8"?>
<!-- Generated by org.testng.reporters.JUnitXMLReporter -->
<testsuite hostname="ravi-Aspire-5755" ignored="3" name="Smoke Tests" tests="1" failures="0" timestamp="11 Feb 2018 14:50:18 GMT" time="0.082" errors="0">
  <testcase name="software" time="0.016" classname="testNGFiles.Annot2"/>
  <testcase name="FlightBooking" time="0.0" classname="testNGFiles.Annotations">
    <ignored/>
  </testcase> <!-- FlightBooking -->
  <testcase name="OpeningBrowser" time="0.0" classname="testNGFiles.Annotations">
    <ignored/>
  </testcase> <!-- OpeningBrowser -->
  <testcase name="hardware" time="0.0" classname="testNGFiles.Annot2">
    <ignored/>
  </testcase> <!-- hardware -->
</testsuite> <!-- Smoke Tests -->
