<?xml version="1.0" encoding="UTF-8"?>
<!-- Generated by org.testng.reporters.JUnitXMLReporter -->
<testsuite hostname="ravi-Aspire-5755" ignored="0" name="Smoke Tests" tests="4" failures="0" timestamp="28 Dec 2017 07:04:15 GMT" time="0.091" errors="0">
  <testcase name="FlightBooking" time="0.023" classname="datadriven.Annotations"/>
  <testcase name="Userid" time="0.003" classname="datadriven.Annotations"/>
  <testcase name="Userid" time="0.001" classname="datadriven.Annotations"/>
  <testcase name="Userid" time="0.002" classname="datadriven.Annotations"/>
</testsuite> <!-- Smoke Tests -->
