<?xml version="1.0" encoding="UTF-8"?>
<!-- Generated by org.testng.reporters.JUnitXMLReporter -->
<testsuite hostname="ravi-Aspire-5755" name="Sanity Tests" tests="6" failures="0" timestamp="5 Sep 2017 10:54:02 GMT" time="0.073" errors="0">
  <testcase name="addcurrency" time="0.007" classname="TestNGTests.abcd.NewTest"/>
  <testcase name="addmaterial" time="0.003" classname="TestNGTests.abcd.NewTest"/>
  <testcase name="addproduct" time="0.002" classname="TestNGTests.abcd.NewTest"/>
  <testcase name="addcurrency" time="0.002" classname="TestNGTests.abcd.NewTest1"/>
  <testcase name="addmaterial" time="0.002" classname="TestNGTests.abcd.NewTest1"/>
  <testcase name="addproduct" time="0.002" classname="TestNGTests.abcd.NewTest1"/>
</testsuite> <!-- Sanity Tests -->
