<?xml version="1.0" encoding="UTF-8"?>
<testng-results skipped="0" failed="0" total="1" passed="1">
  <reporter-output>
  </reporter-output>
  <suite name="Default suite" duration-ms="40782" started-at="2018-01-07T06:47:41Z" finished-at="2018-01-07T06:48:22Z">
    <groups>
    </groups>
    <test name="Default test" duration-ms="40782" started-at="2018-01-07T06:47:41Z" finished-at="2018-01-07T06:48:22Z">
      <class name="com.academy.validateTitle">
        <test-method status="PASS" signature="basePageNavigation()[pri:0, instance:com.academy.validateTitle@4501b7af]" name="basePageNavigation" duration-ms="40734" started-at="2018-01-07T12:17:41Z" finished-at="2018-01-07T12:18:22Z">
          <reporter-output>
          </reporter-output>
        </test-method> <!-- basePageNavigation -->
      </class> <!-- com.academy.validateTitle -->
    </test> <!-- Default test -->
  </suite> <!-- Default suite -->
</testng-results>
