<?xml version="1.0" encoding="UTF-8"?>
<!-- Generated by org.testng.reporters.JUnitXMLReporter -->
<testsuite hostname="ravi-Aspire-5755" name="Test" tests="6" failures="0" timestamp="7 Sep 2017 02:44:40 GMT" time="0.08" errors="0">
  <testcase name="testCase4" time="0.018" classname="TestNGTests.abcd.NewTest5.NewTest6"/>
  <testcase name="testCase1" time="0.018" classname="TestNGTests.abcd.NewTest5.NewTest"/>
  <testcase name="testCase2" time="0.006" classname="TestNGTests.abcd.NewTest5.NewTest"/>
  <testcase name="testCase5" time="0.009" classname="TestNGTests.abcd.NewTest5.NewTest6"/>
  <testcase name="testCase6" time="0.003" classname="TestNGTests.abcd.NewTest5.NewTest6"/>
  <testcase name="testCase3" time="0.009" classname="TestNGTests.abcd.NewTest5.NewTest"/>
</testsuite> <!-- Test -->
