<?xml version="1.0" encoding="UTF-8"?>
<testng-results skipped="0" failed="0" ignored="0" total="4" passed="4">
  <reporter-output>
  </reporter-output>
  <suite name="Default suite" duration-ms="107" started-at="2018-03-14T06:01:58Z" finished-at="2018-03-14T06:01:59Z">
    <groups>
    </groups>
    <test name="Default test" duration-ms="107" started-at="2018-03-14T06:01:58Z" finished-at="2018-03-14T06:01:59Z">
      <class name="testNGFiles.dependencyAnnot">
        <test-method status="PASS" signature="OpeningBrowser()[pri:0, instance:testNGFiles.dependencyAnnot@4de8b406]" name="OpeningBrowser" duration-ms="23" started-at="2018-03-14T11:31:58Z" finished-at="2018-03-14T11:31:59Z">
          <reporter-output>
          </reporter-output>
        </test-method> <!-- OpeningBrowser -->
        <test-method status="PASS" signature="Payment()[pri:0, instance:testNGFiles.dependencyAnnot@4de8b406]" name="Payment" duration-ms="3" started-at="2018-03-14T11:31:59Z" finished-at="2018-03-14T11:31:59Z">
          <reporter-output>
          </reporter-output>
        </test-method> <!-- Payment -->
        <test-method status="PASS" signature="TimeRelated()[pri:0, instance:testNGFiles.dependencyAnnot@4de8b406]" name="TimeRelated" duration-ms="23" started-at="2018-03-14T11:31:59Z" finished-at="2018-03-14T11:31:59Z">
          <reporter-output>
          </reporter-output>
        </test-method> <!-- TimeRelated -->
        <test-method status="PASS" signature="FlightBooking()[pri:0, instance:testNGFiles.dependencyAnnot@4de8b406]" name="FlightBooking" duration-ms="5" started-at="2018-03-14T11:31:59Z" depends-on-methods="testNGFiles.dependencyAnnot.OpeningBrowser" finished-at="2018-03-14T11:31:59Z">
          <reporter-output>
          </reporter-output>
        </test-method> <!-- FlightBooking -->
      </class> <!-- testNGFiles.dependencyAnnot -->
    </test> <!-- Default test -->
  </suite> <!-- Default suite -->
</testng-results>
