<?xml version="1.0" encoding="UTF-8"?>
<!-- Generated by org.testng.reporters.JUnitXMLReporter -->
<testsuite hostname="ravi-Aspire-5755" ignored="2" name="Car Loan" tests="5" failures="0" timestamp="11 Feb 2018 14:54:37 GMT" time="0.124" errors="0">
  <testcase name="MobileLogincarLoan" time="0.023" classname="testNGFiles.day3"/>
  <testcase name="MobilesignoutcarLoan" time="0.008" classname="testNGFiles.day3"/>
  <testcase name="MobilesignoutcarLoan" time="0.006" classname="testNGFiles.day3"/>
  <testcase name="MobilesignoutcarLoan" time="0.002" classname="testNGFiles.day3"/>
  <testcase name="WebloginCarLoan" time="0.002" classname="testNGFiles.day3"/>
  <testcase name="APIcarLoan" time="0.0" classname="testNGFiles.day3">
    <ignored/>
  </testcase> <!-- APIcarLoan -->
  <testcase name="MobilesignimcarLoan" time="0.0" classname="testNGFiles.day3">
    <ignored/>
  </testcase> <!-- MobilesignimcarLoan -->
</testsuite> <!-- Car Loan -->
